<?xml version="1.0" encoding="UTF-8"?>
<testsuites>
  <testsuite id="0" name="/Users/asibil/tools/react-slider/src/ReactSlider.test.js" errors="0" package="/Users/asibil/tools/react-slider/src/ReactSlider.test.js" hostname="localhost" tests="5" failures="0" time="0.909" timestamp="2018-06-29T14:52:53">
    <properties>
    </properties>
    <testcase classname="Renders with default config." name="component renders" time="0">
    </testcase>
    <testcase classname="Renders with custom config" name="component renders" time="0">
    </testcase>
    <testcase classname="Click events work" name="component renders" time="0">
    </testcase>
    <testcase classname="Click events work" name="arrow click event" time="0">
    </testcase>
    <testcase classname="Component does not break if no slides" name="component renders" time="0">
    </testcase>
    <system-out/>
    <system-err/>
  </testsuite>
</testsuites>